<?xml version="1.0" encoding="UTF-8"?>
<!-- Generated by org.testng.reporters.JUnitReportReporter -->
<testsuite skipped="0" hostname="Chandan" name="com.qa.opencart.test.LoginPageTest" tests="4" failures="0" timestamp="13 Apr 2023 10:11:13 GMT" time="3.538" errors="1">
  <testcase name="loginPageNavigationTest" time="1.272" classname="com.qa.opencart.test.LoginPageTest"/>
  <testcase name="isForgotPwdlinkExist" time="0.031" classname="com.qa.opencart.test.LoginPageTest"/>
  <testcase name="appLoginTest" time="1.503" classname="com.qa.opencart.test.LoginPageTest"/>
  <testcase name="ComponentsOptionTest" time="0.732" classname="com.qa.opencart.test.LoginPageTest">
    <error type="com.microsoft.playwright.PlaywrightException" message="Error {
  message=&#039;Error: strict mode violation: locator(&quot;xpath=//a[text()=&#039;Components&#039;]/parent::li/div//li&quot;) resolved to 5 elements:
    1) &lt;li&gt;…&lt;/li&gt; aka getByRole(AriaRole.LISTITEM).filter(new Locator.FilterOptions().setHasText(Pattern.compile(&quot;^Mice and Trackballs \\(0\\)$&quot;)))
    2) &lt;li&gt;…&lt;/li&gt; aka getByRole(AriaRole.LISTITEM).filter(new Locator.FilterOptions().setHasText(Pattern.compile(&quot;^Monitors \\(2\\)$&quot;)))
    3) &lt;li&gt;…&lt;/li&gt; aka getByRole(AriaRole.LISTITEM).filter(new Locator.FilterOptions().setHasText(Pattern.compile(&quot;^Printers \\(0\\)$&quot;)))
    4) &lt;li&gt;…&lt;/li&gt; aka getByRole(AriaRole.LISTITEM).filter(new Locator.FilterOptions().setHasText(Pattern.compile(&quot;^Scanners \\(0\\)$&quot;)))
    5) &lt;li&gt;…&lt;/li&gt; aka getByRole(AriaRole.LISTITEM).filter(new Locator.FilterOptions().setHasText(Pattern.compile(&quot;^Web Cameras \\(0\\)$&quot;)))

=========================== logs ===========================
waiting for locator(&quot;xpath=//a[text()=&#039;Components&#039;]/parent::li/div//li&quot;)
============================================================
  name=&#039;Error
  stack=&#039;Error: Error: strict mode violation: locator(&quot;xpath=//a[text()=&#039;Components&#039;]/parent::li/div//li&quot;) resolved to 5 elements:
    1) &lt;li&gt;…&lt;/li&gt; aka getByRole(AriaRole.LISTITEM).filter(new Locator.FilterOptions().setHasText(Pattern.compile(&quot;^Mice and Trackballs \\(0\\)$&quot;)))
    2) &lt;li&gt;…&lt;/li&gt; aka getByRole(AriaRole.LISTITEM).filter(new Locator.FilterOptions().setHasText(Pattern.compile(&quot;^Monitors \\(2\\)$&quot;)))
    3) &lt;li&gt;…&lt;/li&gt; aka getByRole(AriaRole.LISTITEM).filter(new Locator.FilterOptions().setHasText(Pattern.compile(&quot;^Printers \\(0\\)$&quot;)))
    4) &lt;li&gt;…&lt;/li&gt; aka getByRole(AriaRole.LISTITEM).filter(new Locator.FilterOptions().setHasText(Pattern.compile(&quot;^Scanners \\(0\\)$&quot;)))
    5) &lt;li&gt;…&lt;/li&gt; aka getByRole(AriaRole.LISTITEM).filter(new Locator.FilterOptions().setHasText(Pattern.compile(&quot;^Web Cameras \\(0\\)$&quot;)))

=========================== logs ===========================
waiting for locator(&quot;xpath=//a[text()=&#039;Components&#039;]/parent::li/div//li&quot;)
============================================================
    at WKExecutionContext.evaluateWithArguments (C:\PROGRA~1\KMSpico\temp\playwright-java-6251320391932570996\package\lib\server\webkit\wkExecutionContext.js:91:37)
    at async ScopedRace._race (C:\PROGRA~1\KMSpico\temp\playwright-java-6251320391932570996\package\lib\utils\manualPromise.js:80:14)
    at async evaluateExpression (C:\PROGRA~1\KMSpico\temp\playwright-java-6251320391932570996\package\lib\server\javascript.js:218:12)
    at async C:\PROGRA~1\KMSpico\temp\playwright-java-6251320391932570996\package\lib\server\frames.js:1396:13
    at async Frame.retryWithProgressAndTimeouts (C:\PROGRA~1\KMSpico\temp\playwright-java-6251320391932570996\package\lib\server\frames.js:908:24)
    at async ProgressController.run (C:\PROGRA~1\KMSpico\temp\playwright-java-6251320391932570996\package\lib\server\progress.js:92:22)
    at async Frame._elementState (C:\PROGRA~1\KMSpico\temp\playwright-java-6251320391932570996\package\lib\server\frames.js:1096:20)
    at async FrameDispatcher.isDisabled (C:\PROGRA~1\KMSpico\temp\playwright-java-6251320391932570996\package\lib\server\dispatchers\frameDispatcher.js:204:14)
    at async DispatcherConnection.dispatch (C:\PROGRA~1\KMSpico\temp\playwright-java-6251320391932570996\package\lib\server\dispatchers\dispatcher.js:312:22)
}">
      <![CDATA[com.microsoft.playwright.PlaywrightException: Error {
  message='Error: strict mode violation: locator("xpath=//a[text()='Components']/parent::li/div//li") resolved to 5 elements:
    1) <li>…</li> aka getByRole(AriaRole.LISTITEM).filter(new Locator.FilterOptions().setHasText(Pattern.compile("^Mice and Trackballs \\(0\\)$")))
    2) <li>…</li> aka getByRole(AriaRole.LISTITEM).filter(new Locator.FilterOptions().setHasText(Pattern.compile("^Monitors \\(2\\)$")))
    3) <li>…</li> aka getByRole(AriaRole.LISTITEM).filter(new Locator.FilterOptions().setHasText(Pattern.compile("^Printers \\(0\\)$")))
    4) <li>…</li> aka getByRole(AriaRole.LISTITEM).filter(new Locator.FilterOptions().setHasText(Pattern.compile("^Scanners \\(0\\)$")))
    5) <li>…</li> aka getByRole(AriaRole.LISTITEM).filter(new Locator.FilterOptions().setHasText(Pattern.compile("^Web Cameras \\(0\\)$")))

=========================== logs ===========================
waiting for locator("xpath=//a[text()='Components']/parent::li/div//li")
============================================================
  name='Error
  stack='Error: Error: strict mode violation: locator("xpath=//a[text()='Components']/parent::li/div//li") resolved to 5 elements:
    1) <li>…</li> aka getByRole(AriaRole.LISTITEM).filter(new Locator.FilterOptions().setHasText(Pattern.compile("^Mice and Trackballs \\(0\\)$")))
    2) <li>…</li> aka getByRole(AriaRole.LISTITEM).filter(new Locator.FilterOptions().setHasText(Pattern.compile("^Monitors \\(2\\)$")))
    3) <li>…</li> aka getByRole(AriaRole.LISTITEM).filter(new Locator.FilterOptions().setHasText(Pattern.compile("^Printers \\(0\\)$")))
    4) <li>…</li> aka getByRole(AriaRole.LISTITEM).filter(new Locator.FilterOptions().setHasText(Pattern.compile("^Scanners \\(0\\)$")))
    5) <li>…</li> aka getByRole(AriaRole.LISTITEM).filter(new Locator.FilterOptions().setHasText(Pattern.compile("^Web Cameras \\(0\\)$")))

=========================== logs ===========================
waiting for locator("xpath=//a[text()='Components']/parent::li/div//li")
============================================================
    at WKExecutionContext.evaluateWithArguments (C:\PROGRA~1\KMSpico\temp\playwright-java-6251320391932570996\package\lib\server\webkit\wkExecutionContext.js:91:37)
    at async ScopedRace._race (C:\PROGRA~1\KMSpico\temp\playwright-java-6251320391932570996\package\lib\utils\manualPromise.js:80:14)
    at async evaluateExpression (C:\PROGRA~1\KMSpico\temp\playwright-java-6251320391932570996\package\lib\server\javascript.js:218:12)
    at async C:\PROGRA~1\KMSpico\temp\playwright-java-6251320391932570996\package\lib\server\frames.js:1396:13
    at async Frame.retryWithProgressAndTimeouts (C:\PROGRA~1\KMSpico\temp\playwright-java-6251320391932570996\package\lib\server\frames.js:908:24)
    at async ProgressController.run (C:\PROGRA~1\KMSpico\temp\playwright-java-6251320391932570996\package\lib\server\progress.js:92:22)
    at async Frame._elementState (C:\PROGRA~1\KMSpico\temp\playwright-java-6251320391932570996\package\lib\server\frames.js:1096:20)
    at async FrameDispatcher.isDisabled (C:\PROGRA~1\KMSpico\temp\playwright-java-6251320391932570996\package\lib\server\dispatchers\frameDispatcher.js:204:14)
    at async DispatcherConnection.dispatch (C:\PROGRA~1\KMSpico\temp\playwright-java-6251320391932570996\package\lib\server\dispatchers\dispatcher.js:312:22)
}
at com.microsoft.playwright.impl.WaitableResult.get(WaitableResult.java:54)
at com.microsoft.playwright.impl.ChannelOwner.runUntil(ChannelOwner.java:111)
at com.microsoft.playwright.impl.Connection.sendMessage(Connection.java:126)
at com.microsoft.playwright.impl.ChannelOwner.sendMessage(ChannelOwner.java:102)
at com.microsoft.playwright.impl.FrameImpl.isDisabledImpl(FrameImpl.java:576)
at com.microsoft.playwright.impl.FrameImpl.lambda$isDisabled$25(FrameImpl.java:567)
at com.microsoft.playwright.impl.LoggingSupport.withLogging(LoggingSupport.java:47)
at com.microsoft.playwright.impl.ChannelOwner.withLogging(ChannelOwner.java:87)
at com.microsoft.playwright.impl.FrameImpl.isDisabled(FrameImpl.java:567)
at com.microsoft.playwright.impl.LocatorImpl.isDisabled(LocatorImpl.java:342)
at com.microsoft.playwright.Locator.isDisabled(Locator.java:3569)
at com.qa.opncart.pages.LoginPage.validateComponentsVisibleOptions(LoginPage.java:66)
at com.qa.opencart.test.LoginPageTest.ComponentsOptionTest(LoginPageTest.java:37)
at sun.reflect.NativeMethodAccessorImpl.invoke0(Native Method)
at sun.reflect.NativeMethodAccessorImpl.invoke(Unknown Source)
at sun.reflect.DelegatingMethodAccessorImpl.invoke(Unknown Source)
at java.lang.reflect.Method.invoke(Unknown Source)
at org.testng.internal.MethodInvocationHelper.invokeMethod(MethodInvocationHelper.java:124)
at org.testng.internal.Invoker.invokeMethod(Invoker.java:583)
at org.testng.internal.Invoker.invokeTestMethod(Invoker.java:719)
at org.testng.internal.Invoker.invokeTestMethods(Invoker.java:989)
at org.testng.internal.TestMethodWorker.invokeTestMethods(TestMethodWorker.java:125)
at org.testng.internal.TestMethodWorker.run(TestMethodWorker.java:109)
at java.util.concurrent.ThreadPoolExecutor.runWorker(Unknown Source)
at java.util.concurrent.ThreadPoolExecutor$Worker.run(Unknown Source)
at java.lang.Thread.run(Unknown Source)
Caused by: com.microsoft.playwright.impl.DriverException: Error {
  message='Error: strict mode violation: locator("xpath=//a[text()='Components']/parent::li/div//li") resolved to 5 elements:
    1) <li>…</li> aka getByRole(AriaRole.LISTITEM).filter(new Locator.FilterOptions().setHasText(Pattern.compile("^Mice and Trackballs \\(0\\)$")))
    2) <li>…</li> aka getByRole(AriaRole.LISTITEM).filter(new Locator.FilterOptions().setHasText(Pattern.compile("^Monitors \\(2\\)$")))
    3) <li>…</li> aka getByRole(AriaRole.LISTITEM).filter(new Locator.FilterOptions().setHasText(Pattern.compile("^Printers \\(0\\)$")))
    4) <li>…</li> aka getByRole(AriaRole.LISTITEM).filter(new Locator.FilterOptions().setHasText(Pattern.compile("^Scanners \\(0\\)$")))
    5) <li>…</li> aka getByRole(AriaRole.LISTITEM).filter(new Locator.FilterOptions().setHasText(Pattern.compile("^Web Cameras \\(0\\)$")))

=========================== logs ===========================
waiting for locator("xpath=//a[text()='Components']/parent::li/div//li")
============================================================
  name='Error
  stack='Error: Error: strict mode violation: locator("xpath=//a[text()='Components']/parent::li/div//li") resolved to 5 elements:
    1) <li>…</li> aka getByRole(AriaRole.LISTITEM).filter(new Locator.FilterOptions().setHasText(Pattern.compile("^Mice and Trackballs \\(0\\)$")))
    2) <li>…</li> aka getByRole(AriaRole.LISTITEM).filter(new Locator.FilterOptions().setHasText(Pattern.compile("^Monitors \\(2\\)$")))
    3) <li>…</li> aka getByRole(AriaRole.LISTITEM).filter(new Locator.FilterOptions().setHasText(Pattern.compile("^Printers \\(0\\)$")))
    4) <li>…</li> aka getByRole(AriaRole.LISTITEM).filter(new Locator.FilterOptions().setHasText(Pattern.compile("^Scanners \\(0\\)$")))
    5) <li>…</li> aka getByRole(AriaRole.LISTITEM).filter(new Locator.FilterOptions().setHasText(Pattern.compile("^Web Cameras \\(0\\)$")))

=========================== logs ===========================
waiting for locator("xpath=//a[text()='Components']/parent::li/div//li")
============================================================
    at WKExecutionContext.evaluateWithArguments (C:\PROGRA~1\KMSpico\temp\playwright-java-6251320391932570996\package\lib\server\webkit\wkExecutionContext.js:91:37)
    at async ScopedRace._race (C:\PROGRA~1\KMSpico\temp\playwright-java-6251320391932570996\package\lib\utils\manualPromise.js:80:14)
    at async evaluateExpression (C:\PROGRA~1\KMSpico\temp\playwright-java-6251320391932570996\package\lib\server\javascript.js:218:12)
    at async C:\PROGRA~1\KMSpico\temp\playwright-java-6251320391932570996\package\lib\server\frames.js:1396:13
    at async Frame.retryWithProgressAndTimeouts (C:\PROGRA~1\KMSpico\temp\playwright-java-6251320391932570996\package\lib\server\frames.js:908:24)
    at async ProgressController.run (C:\PROGRA~1\KMSpico\temp\playwright-java-6251320391932570996\package\lib\server\progress.js:92:22)
    at async Frame._elementState (C:\PROGRA~1\KMSpico\temp\playwright-java-6251320391932570996\package\lib\server\frames.js:1096:20)
    at async FrameDispatcher.isDisabled (C:\PROGRA~1\KMSpico\temp\playwright-java-6251320391932570996\package\lib\server\dispatchers\frameDispatcher.js:204:14)
    at async DispatcherConnection.dispatch (C:\PROGRA~1\KMSpico\temp\playwright-java-6251320391932570996\package\lib\server\dispatchers\dispatcher.js:312:22)
}
at com.microsoft.playwright.impl.Connection.dispatch(Connection.java:226)
at com.microsoft.playwright.impl.Connection.processOneMessage(Connection.java:206)
at com.microsoft.playwright.impl.ChannelOwner.runUntil(ChannelOwner.java:109)
... 24 more
]]>
    </error>
  </testcase> <!-- ComponentsOptionTest -->
</testsuite> <!-- com.qa.opencart.test.LoginPageTest -->
